ARM GAS  C:\Users\ASUS\AppData\Local\Temp\cckRO1H7.s 			page 1


   1              		.cpu cortex-m4
   2              		.eabi_attribute 27, 1
   3              		.eabi_attribute 28, 1
   4              		.eabi_attribute 20, 1
   5              		.eabi_attribute 21, 1
   6              		.eabi_attribute 23, 3
   7              		.eabi_attribute 24, 1
   8              		.eabi_attribute 25, 1
   9              		.eabi_attribute 26, 1
  10              		.eabi_attribute 30, 1
  11              		.eabi_attribute 34, 1
  12              		.eabi_attribute 18, 4
  13              		.file	"fcs.c"
  14              		.text
  15              	.Ltext0:
  16              		.cfi_sections	.debug_frame
  17              		.section	.text.calc_fcs,"ax",%progbits
  18              		.align	1
  19              		.global	calc_fcs
  20              		.arch armv7e-m
  21              		.syntax unified
  22              		.thumb
  23              		.thumb_func
  24              		.fpu fpv4-sp-d16
  26              	calc_fcs:
  27              	.LVL0:
  28              	.LFB0:
  29              		.file 1 "Core/test/fcs.c"
   1:Core/test/fcs.c **** #include "fcs.h"
   2:Core/test/fcs.c **** 
   3:Core/test/fcs.c **** #ifdef CRC32
   4:Core/test/fcs.c **** /*
   5:Core/test/fcs.c ****  *    CRC-Type:     CRC32 (IEEE 802.3 - Ethernet)
   6:Core/test/fcs.c ****  *    Polynomial:   0x04C11DB7
   7:Core/test/fcs.c ****  *                  (x^32+x^26+x^23^+x^22+x^16+x^12+x^11+x^10+
   8:Core/test/fcs.c ****  *                       +x^8+x^7+x^5+x^4+x^2+x+1)
   9:Core/test/fcs.c ****  *    Lookup Table: Reflected
  10:Core/test/fcs.c ****  */
  11:Core/test/fcs.c **** static const unsigned int fcstab[256] = {
  12:Core/test/fcs.c **** 0x00000000, 0x77073096, 0xEE0E612C, 0x990951BA, 0x076DC419, 0x706AF48F, 0xE963A535, 0x9E6495A3,
  13:Core/test/fcs.c **** 0x0EDB8832, 0x79DCB8A4, 0xE0D5E91E, 0x97D2D988, 0x09B64C2B, 0x7EB17CBD, 0xE7B82D07, 0x90BF1D91,
  14:Core/test/fcs.c **** 0x1DB71064, 0x6AB020F2, 0xF3B97148, 0x84BE41DE, 0x1ADAD47D, 0x6DDDE4EB, 0xF4D4B551, 0x83D385C7,
  15:Core/test/fcs.c **** 0x136C9856, 0x646BA8C0, 0xFD62F97A, 0x8A65C9EC, 0x14015C4F, 0x63066CD9, 0xFA0F3D63, 0x8D080DF5,
  16:Core/test/fcs.c **** 0x3B6E20C8, 0x4C69105E, 0xD56041E4, 0xA2677172, 0x3C03E4D1, 0x4B04D447, 0xD20D85FD, 0xA50AB56B,
  17:Core/test/fcs.c **** 0x35B5A8FA, 0x42B2986C, 0xDBBBC9D6, 0xACBCF940, 0x32D86CE3, 0x45DF5C75, 0xDCD60DCF, 0xABD13D59,
  18:Core/test/fcs.c **** 0x26D930AC, 0x51DE003A, 0xC8D75180, 0xBFD06116, 0x21B4F4B5, 0x56B3C423, 0xCFBA9599, 0xB8BDA50F,
  19:Core/test/fcs.c **** 0x2802B89E, 0x5F058808, 0xC60CD9B2, 0xB10BE924, 0x2F6F7C87, 0x58684C11, 0xC1611DAB, 0xB6662D3D,
  20:Core/test/fcs.c **** 0x76DC4190, 0x01DB7106, 0x98D220BC, 0xEFD5102A, 0x71B18589, 0x06B6B51F, 0x9FBFE4A5, 0xE8B8D433,
  21:Core/test/fcs.c **** 0x7807C9A2, 0x0F00F934, 0x9609A88E, 0xE10E9818, 0x7F6A0DBB, 0x086D3D2D, 0x91646C97, 0xE6635C01,
  22:Core/test/fcs.c **** 0x6B6B51F4, 0x1C6C6162, 0x856530D8, 0xF262004E, 0x6C0695ED, 0x1B01A57B, 0x8208F4C1, 0xF50FC457,
  23:Core/test/fcs.c **** 0x65B0D9C6, 0x12B7E950, 0x8BBEB8EA, 0xFCB9887C, 0x62DD1DDF, 0x15DA2D49, 0x8CD37CF3, 0xFBD44C65,
  24:Core/test/fcs.c **** 0x4DB26158, 0x3AB551CE, 0xA3BC0074, 0xD4BB30E2, 0x4ADFA541, 0x3DD895D7, 0xA4D1C46D, 0xD3D6F4FB,
  25:Core/test/fcs.c **** 0x4369E96A, 0x346ED9FC, 0xAD678846, 0xDA60B8D0, 0x44042D73, 0x33031DE5, 0xAA0A4C5F, 0xDD0D7CC9,
  26:Core/test/fcs.c **** 0x5005713C, 0x270241AA, 0xBE0B1010, 0xC90C2086, 0x5768B525, 0x206F85B3, 0xB966D409, 0xCE61E49F,
  27:Core/test/fcs.c **** 0x5EDEF90E, 0x29D9C998, 0xB0D09822, 0xC7D7A8B4, 0x59B33D17, 0x2EB40D81, 0xB7BD5C3B, 0xC0BA6CAD,
  28:Core/test/fcs.c **** 0xEDB88320, 0x9ABFB3B6, 0x03B6E20C, 0x74B1D29A, 0xEAD54739, 0x9DD277AF, 0x04DB2615, 0x73DC1683,
  29:Core/test/fcs.c **** 0xE3630B12, 0x94643B84, 0x0D6D6A3E, 0x7A6A5AA8, 0xE40ECF0B, 0x9309FF9D, 0x0A00AE27, 0x7D079EB1,
ARM GAS  C:\Users\ASUS\AppData\Local\Temp\cckRO1H7.s 			page 2


  30:Core/test/fcs.c **** 0xF00F9344, 0x8708A3D2, 0x1E01F268, 0x6906C2FE, 0xF762575D, 0x806567CB, 0x196C3671, 0x6E6B06E7,
  31:Core/test/fcs.c **** 0xFED41B76, 0x89D32BE0, 0x10DA7A5A, 0x67DD4ACC, 0xF9B9DF6F, 0x8EBEEFF9, 0x17B7BE43, 0x60B08ED5,
  32:Core/test/fcs.c **** 0xD6D6A3E8, 0xA1D1937E, 0x38D8C2C4, 0x4FDFF252, 0xD1BB67F1, 0xA6BC5767, 0x3FB506DD, 0x48B2364B,
  33:Core/test/fcs.c **** 0xD80D2BDA, 0xAF0A1B4C, 0x36034AF6, 0x41047A60, 0xDF60EFC3, 0xA867DF55, 0x316E8EEF, 0x4669BE79,
  34:Core/test/fcs.c **** 0xCB61B38C, 0xBC66831A, 0x256FD2A0, 0x5268E236, 0xCC0C7795, 0xBB0B4703, 0x220216B9, 0x5505262F,
  35:Core/test/fcs.c **** 0xC5BA3BBE, 0xB2BD0B28, 0x2BB45A92, 0x5CB36A04, 0xC2D7FFA7, 0xB5D0CF31, 0x2CD99E8B, 0x5BDEAE1D,
  36:Core/test/fcs.c **** 0x9B64C2B0, 0xEC63F226, 0x756AA39C, 0x026D930A, 0x9C0906A9, 0xEB0E363F, 0x72076785, 0x05005713,
  37:Core/test/fcs.c **** 0x95BF4A82, 0xE2B87A14, 0x7BB12BAE, 0x0CB61B38, 0x92D28E9B, 0xE5D5BE0D, 0x7CDCEFB7, 0x0BDBDF21,
  38:Core/test/fcs.c **** 0x86D3D2D4, 0xF1D4E242, 0x68DDB3F8, 0x1FDA836E, 0x81BE16CD, 0xF6B9265B, 0x6FB077E1, 0x18B74777,
  39:Core/test/fcs.c **** 0x88085AE6, 0xFF0F6A70, 0x66063BCA, 0x11010B5C, 0x8F659EFF, 0xF862AE69, 0x616BFFD3, 0x166CCF45,
  40:Core/test/fcs.c **** 0xA00AE278, 0xD70DD2EE, 0x4E048354, 0x3903B3C2, 0xA7672661, 0xD06016F7, 0x4969474D, 0x3E6E77DB,
  41:Core/test/fcs.c **** 0xAED16A4A, 0xD9D65ADC, 0x40DF0B66, 0x37D83BF0, 0xA9BCAE53, 0xDEBB9EC5, 0x47B2CF7F, 0x30B5FFE9,
  42:Core/test/fcs.c **** 0xBDBDF21C, 0xCABAC28A, 0x53B39330, 0x24B4A3A6, 0xBAD03605, 0xCDD70693, 0x54DE5729, 0x23D967BF,
  43:Core/test/fcs.c **** 0xB3667A2E, 0xC4614AB8, 0x5D681B02, 0x2A6F2B94, 0xB40BBE37, 0xC30C8EA1, 0x5A05DF1B, 0x2D02EF8D
  44:Core/test/fcs.c **** };
  45:Core/test/fcs.c **** #else
  46:Core/test/fcs.c **** /*
  47:Core/test/fcs.c ****  *    CRC-Type:     CRC16 CCIT
  48:Core/test/fcs.c ****  *    Polynomial:   0x1021 (x^16+x^12+x^5+1)
  49:Core/test/fcs.c ****  *    Lookup Table: Reflected
  50:Core/test/fcs.c ****  */
  51:Core/test/fcs.c **** static const unsigned short fcstab[256] = { 0x0000, 0x1189, 0x2312, 0x329b,
  52:Core/test/fcs.c ****     0x4624, 0x57ad, 0x6536, 0x74bf, 0x8c48, 0x9dc1, 0xaf5a, 0xbed3, 0xca6c,
  53:Core/test/fcs.c ****     0xdbe5, 0xe97e, 0xf8f7, 0x1081, 0x0108, 0x3393, 0x221a, 0x56a5, 0x472c,
  54:Core/test/fcs.c ****     0x75b7, 0x643e, 0x9cc9, 0x8d40, 0xbfdb, 0xae52, 0xdaed, 0xcb64, 0xf9ff,
  55:Core/test/fcs.c ****     0xe876, 0x2102, 0x308b, 0x0210, 0x1399, 0x6726, 0x76af, 0x4434, 0x55bd,
  56:Core/test/fcs.c ****     0xad4a, 0xbcc3, 0x8e58, 0x9fd1, 0xeb6e, 0xfae7, 0xc87c, 0xd9f5, 0x3183,
  57:Core/test/fcs.c ****     0x200a, 0x1291, 0x0318, 0x77a7, 0x662e, 0x54b5, 0x453c, 0xbdcb, 0xac42,
  58:Core/test/fcs.c ****     0x9ed9, 0x8f50, 0xfbef, 0xea66, 0xd8fd, 0xc974, 0x4204, 0x538d, 0x6116,
  59:Core/test/fcs.c ****     0x709f, 0x0420, 0x15a9, 0x2732, 0x36bb, 0xce4c, 0xdfc5, 0xed5e, 0xfcd7,
  60:Core/test/fcs.c ****     0x8868, 0x99e1, 0xab7a, 0xbaf3, 0x5285, 0x430c, 0x7197, 0x601e, 0x14a1,
  61:Core/test/fcs.c ****     0x0528, 0x37b3, 0x263a, 0xdecd, 0xcf44, 0xfddf, 0xec56, 0x98e9, 0x8960,
  62:Core/test/fcs.c ****     0xbbfb, 0xaa72, 0x6306, 0x728f, 0x4014, 0x519d, 0x2522, 0x34ab, 0x0630,
  63:Core/test/fcs.c ****     0x17b9, 0xef4e, 0xfec7, 0xcc5c, 0xddd5, 0xa96a, 0xb8e3, 0x8a78, 0x9bf1,
  64:Core/test/fcs.c ****     0x7387, 0x620e, 0x5095, 0x411c, 0x35a3, 0x242a, 0x16b1, 0x0738, 0xffcf,
  65:Core/test/fcs.c ****     0xee46, 0xdcdd, 0xcd54, 0xb9eb, 0xa862, 0x9af9, 0x8b70, 0x8408, 0x9581,
  66:Core/test/fcs.c ****     0xa71a, 0xb693, 0xc22c, 0xd3a5, 0xe13e, 0xf0b7, 0x0840, 0x19c9, 0x2b52,
  67:Core/test/fcs.c ****     0x3adb, 0x4e64, 0x5fed, 0x6d76, 0x7cff, 0x9489, 0x8500, 0xb79b, 0xa612,
  68:Core/test/fcs.c ****     0xd2ad, 0xc324, 0xf1bf, 0xe036, 0x18c1, 0x0948, 0x3bd3, 0x2a5a, 0x5ee5,
  69:Core/test/fcs.c ****     0x4f6c, 0x7df7, 0x6c7e, 0xa50a, 0xb483, 0x8618, 0x9791, 0xe32e, 0xf2a7,
  70:Core/test/fcs.c ****     0xc03c, 0xd1b5, 0x2942, 0x38cb, 0x0a50, 0x1bd9, 0x6f66, 0x7eef, 0x4c74,
  71:Core/test/fcs.c ****     0x5dfd, 0xb58b, 0xa402, 0x9699, 0x8710, 0xf3af, 0xe226, 0xd0bd, 0xc134,
  72:Core/test/fcs.c ****     0x39c3, 0x284a, 0x1ad1, 0x0b58, 0x7fe7, 0x6e6e, 0x5cf5, 0x4d7c, 0xc60c,
  73:Core/test/fcs.c ****     0xd785, 0xe51e, 0xf497, 0x8028, 0x91a1, 0xa33a, 0xb2b3, 0x4a44, 0x5bcd,
  74:Core/test/fcs.c ****     0x6956, 0x78df, 0x0c60, 0x1de9, 0x2f72, 0x3efb, 0xd68d, 0xc704, 0xf59f,
  75:Core/test/fcs.c ****     0xe416, 0x90a9, 0x8120, 0xb3bb, 0xa232, 0x5ac5, 0x4b4c, 0x79d7, 0x685e,
  76:Core/test/fcs.c ****     0x1ce1, 0x0d68, 0x3ff3, 0x2e7a, 0xe70e, 0xf687, 0xc41c, 0xd595, 0xa12a,
  77:Core/test/fcs.c ****     0xb0a3, 0x8238, 0x93b1, 0x6b46, 0x7acf, 0x4854, 0x59dd, 0x2d62, 0x3ceb,
  78:Core/test/fcs.c ****     0x0e70, 0x1ff9, 0xf78f, 0xe606, 0xd49d, 0xc514, 0xb1ab, 0xa022, 0x92b9,
  79:Core/test/fcs.c ****     0x8330, 0x7bc7, 0x6a4e, 0x58d5, 0x495c, 0x3de3, 0x2c6a, 0x1ef1, 0x0f78 };
  80:Core/test/fcs.c **** #endif
  81:Core/test/fcs.c **** 
  82:Core/test/fcs.c **** FCS_SIZE calc_fcs(FCS_SIZE fcs, unsigned char value) {
  30              		.loc 1 82 54 view -0
  31              		.cfi_startproc
  32              		@ args = 0, pretend = 0, frame = 0
  33              		@ frame_needed = 0, uses_anonymous_args = 0
ARM GAS  C:\Users\ASUS\AppData\Local\Temp\cckRO1H7.s 			page 3


  34              		@ link register save eliminated.
  83:Core/test/fcs.c ****   return (fcs >> 8) ^ fcstab[(fcs ^ value) & 0xff];
  35              		.loc 1 83 3 view .LVU1
  36              		.loc 1 83 35 is_stmt 0 view .LVU2
  37 0000 4140     		eors	r1, r1, r0
  38              	.LVL1:
  39              		.loc 1 83 44 view .LVU3
  40 0002 C9B2     		uxtb	r1, r1
  41              		.loc 1 83 29 view .LVU4
  42 0004 024B     		ldr	r3, .L2
  43 0006 33F81130 		ldrh	r3, [r3, r1, lsl #1]
  84:Core/test/fcs.c **** }
  44              		.loc 1 84 1 view .LVU5
  45 000a 83EA1020 		eor	r0, r3, r0, lsr #8
  46              	.LVL2:
  47              		.loc 1 84 1 view .LVU6
  48 000e 7047     		bx	lr
  49              	.L3:
  50              		.align	2
  51              	.L2:
  52 0010 00000000 		.word	.LANCHOR0
  53              		.cfi_endproc
  54              	.LFE0:
  56              		.section	.rodata.fcstab,"a"
  57              		.align	2
  58              		.set	.LANCHOR0,. + 0
  61              	fcstab:
  62 0000 0000     		.short	0
  63 0002 8911     		.short	4489
  64 0004 1223     		.short	8978
  65 0006 9B32     		.short	12955
  66 0008 2446     		.short	17956
  67 000a AD57     		.short	22445
  68 000c 3665     		.short	25910
  69 000e BF74     		.short	29887
  70 0010 488C     		.short	-29624
  71 0012 C19D     		.short	-25151
  72 0014 5AAF     		.short	-20646
  73 0016 D3BE     		.short	-16685
  74 0018 6CCA     		.short	-13716
  75 001a E5DB     		.short	-9243
  76 001c 7EE9     		.short	-5762
  77 001e F7F8     		.short	-1801
  78 0020 8110     		.short	4225
  79 0022 0801     		.short	264
  80 0024 9333     		.short	13203
  81 0026 1A22     		.short	8730
  82 0028 A556     		.short	22181
  83 002a 2C47     		.short	18220
  84 002c B775     		.short	30135
  85 002e 3E64     		.short	25662
  86 0030 C99C     		.short	-25399
  87 0032 408D     		.short	-29376
  88 0034 DBBF     		.short	-16421
  89 0036 52AE     		.short	-20910
  90 0038 EDDA     		.short	-9491
  91 003a 64CB     		.short	-13468
ARM GAS  C:\Users\ASUS\AppData\Local\Temp\cckRO1H7.s 			page 4


  92 003c FFF9     		.short	-1537
  93 003e 76E8     		.short	-6026
  94 0040 0221     		.short	8450
  95 0042 8B30     		.short	12427
  96 0044 1002     		.short	528
  97 0046 9913     		.short	5017
  98 0048 2667     		.short	26406
  99 004a AF76     		.short	30383
 100 004c 3444     		.short	17460
 101 004e BD55     		.short	21949
 102 0050 4AAD     		.short	-21174
 103 0052 C3BC     		.short	-17213
 104 0054 588E     		.short	-29096
 105 0056 D19F     		.short	-24623
 106 0058 6EEB     		.short	-5266
 107 005a E7FA     		.short	-1305
 108 005c 7CC8     		.short	-14212
 109 005e F5D9     		.short	-9739
 110 0060 8331     		.short	12675
 111 0062 0A20     		.short	8202
 112 0064 9112     		.short	4753
 113 0066 1803     		.short	792
 114 0068 A777     		.short	30631
 115 006a 2E66     		.short	26158
 116 006c B554     		.short	21685
 117 006e 3C45     		.short	17724
 118 0070 CBBD     		.short	-16949
 119 0072 42AC     		.short	-21438
 120 0074 D99E     		.short	-24871
 121 0076 508F     		.short	-28848
 122 0078 EFFB     		.short	-1041
 123 007a 66EA     		.short	-5530
 124 007c FDD8     		.short	-9987
 125 007e 74C9     		.short	-13964
 126 0080 0442     		.short	16900
 127 0082 8D53     		.short	21389
 128 0084 1661     		.short	24854
 129 0086 9F70     		.short	28831
 130 0088 2004     		.short	1056
 131 008a A915     		.short	5545
 132 008c 3227     		.short	10034
 133 008e BB36     		.short	14011
 134 0090 4CCE     		.short	-12724
 135 0092 C5DF     		.short	-8251
 136 0094 5EED     		.short	-4770
 137 0096 D7FC     		.short	-809
 138 0098 6888     		.short	-30616
 139 009a E199     		.short	-26143
 140 009c 7AAB     		.short	-21638
 141 009e F3BA     		.short	-17677
 142 00a0 8552     		.short	21125
 143 00a2 0C43     		.short	17164
 144 00a4 9771     		.short	29079
 145 00a6 1E60     		.short	24606
 146 00a8 A114     		.short	5281
 147 00aa 2805     		.short	1320
 148 00ac B337     		.short	14259
ARM GAS  C:\Users\ASUS\AppData\Local\Temp\cckRO1H7.s 			page 5


 149 00ae 3A26     		.short	9786
 150 00b0 CDDE     		.short	-8499
 151 00b2 44CF     		.short	-12476
 152 00b4 DFFD     		.short	-545
 153 00b6 56EC     		.short	-5034
 154 00b8 E998     		.short	-26391
 155 00ba 6089     		.short	-30368
 156 00bc FBBB     		.short	-17413
 157 00be 72AA     		.short	-21902
 158 00c0 0663     		.short	25350
 159 00c2 8F72     		.short	29327
 160 00c4 1440     		.short	16404
 161 00c6 9D51     		.short	20893
 162 00c8 2225     		.short	9506
 163 00ca AB34     		.short	13483
 164 00cc 3006     		.short	1584
 165 00ce B917     		.short	6073
 166 00d0 4EEF     		.short	-4274
 167 00d2 C7FE     		.short	-313
 168 00d4 5CCC     		.short	-13220
 169 00d6 D5DD     		.short	-8747
 170 00d8 6AA9     		.short	-22166
 171 00da E3B8     		.short	-18205
 172 00dc 788A     		.short	-30088
 173 00de F19B     		.short	-25615
 174 00e0 8773     		.short	29575
 175 00e2 0E62     		.short	25102
 176 00e4 9550     		.short	20629
 177 00e6 1C41     		.short	16668
 178 00e8 A335     		.short	13731
 179 00ea 2A24     		.short	9258
 180 00ec B116     		.short	5809
 181 00ee 3807     		.short	1848
 182 00f0 CFFF     		.short	-49
 183 00f2 46EE     		.short	-4538
 184 00f4 DDDC     		.short	-8995
 185 00f6 54CD     		.short	-12972
 186 00f8 EBB9     		.short	-17941
 187 00fa 62A8     		.short	-22430
 188 00fc F99A     		.short	-25863
 189 00fe 708B     		.short	-29840
 190 0100 0884     		.short	-31736
 191 0102 8195     		.short	-27263
 192 0104 1AA7     		.short	-22758
 193 0106 93B6     		.short	-18797
 194 0108 2CC2     		.short	-15828
 195 010a A5D3     		.short	-11355
 196 010c 3EE1     		.short	-7874
 197 010e B7F0     		.short	-3913
 198 0110 4008     		.short	2112
 199 0112 C919     		.short	6601
 200 0114 522B     		.short	11090
 201 0116 DB3A     		.short	15067
 202 0118 644E     		.short	20068
 203 011a ED5F     		.short	24557
 204 011c 766D     		.short	28022
 205 011e FF7C     		.short	31999
ARM GAS  C:\Users\ASUS\AppData\Local\Temp\cckRO1H7.s 			page 6


 206 0120 8994     		.short	-27511
 207 0122 0085     		.short	-31488
 208 0124 9BB7     		.short	-18533
 209 0126 12A6     		.short	-23022
 210 0128 ADD2     		.short	-11603
 211 012a 24C3     		.short	-15580
 212 012c BFF1     		.short	-3649
 213 012e 36E0     		.short	-8138
 214 0130 C118     		.short	6337
 215 0132 4809     		.short	2376
 216 0134 D33B     		.short	15315
 217 0136 5A2A     		.short	10842
 218 0138 E55E     		.short	24293
 219 013a 6C4F     		.short	20332
 220 013c F77D     		.short	32247
 221 013e 7E6C     		.short	27774
 222 0140 0AA5     		.short	-23286
 223 0142 83B4     		.short	-19325
 224 0144 1886     		.short	-31208
 225 0146 9197     		.short	-26735
 226 0148 2EE3     		.short	-7378
 227 014a A7F2     		.short	-3417
 228 014c 3CC0     		.short	-16324
 229 014e B5D1     		.short	-11851
 230 0150 4229     		.short	10562
 231 0152 CB38     		.short	14539
 232 0154 500A     		.short	2640
 233 0156 D91B     		.short	7129
 234 0158 666F     		.short	28518
 235 015a EF7E     		.short	32495
 236 015c 744C     		.short	19572
 237 015e FD5D     		.short	24061
 238 0160 8BB5     		.short	-19061
 239 0162 02A4     		.short	-23550
 240 0164 9996     		.short	-26983
 241 0166 1087     		.short	-30960
 242 0168 AFF3     		.short	-3153
 243 016a 26E2     		.short	-7642
 244 016c BDD0     		.short	-12099
 245 016e 34C1     		.short	-16076
 246 0170 C339     		.short	14787
 247 0172 4A28     		.short	10314
 248 0174 D11A     		.short	6865
 249 0176 580B     		.short	2904
 250 0178 E77F     		.short	32743
 251 017a 6E6E     		.short	28270
 252 017c F55C     		.short	23797
 253 017e 7C4D     		.short	19836
 254 0180 0CC6     		.short	-14836
 255 0182 85D7     		.short	-10363
 256 0184 1EE5     		.short	-6882
 257 0186 97F4     		.short	-2921
 258 0188 2880     		.short	-32728
 259 018a A191     		.short	-28255
 260 018c 3AA3     		.short	-23750
 261 018e B3B2     		.short	-19789
 262 0190 444A     		.short	19012
ARM GAS  C:\Users\ASUS\AppData\Local\Temp\cckRO1H7.s 			page 7


 263 0192 CD5B     		.short	23501
 264 0194 5669     		.short	26966
 265 0196 DF78     		.short	30943
 266 0198 600C     		.short	3168
 267 019a E91D     		.short	7657
 268 019c 722F     		.short	12146
 269 019e FB3E     		.short	16123
 270 01a0 8DD6     		.short	-10611
 271 01a2 04C7     		.short	-14588
 272 01a4 9FF5     		.short	-2657
 273 01a6 16E4     		.short	-7146
 274 01a8 A990     		.short	-28503
 275 01aa 2081     		.short	-32480
 276 01ac BBB3     		.short	-19525
 277 01ae 32A2     		.short	-24014
 278 01b0 C55A     		.short	23237
 279 01b2 4C4B     		.short	19276
 280 01b4 D779     		.short	31191
 281 01b6 5E68     		.short	26718
 282 01b8 E11C     		.short	7393
 283 01ba 680D     		.short	3432
 284 01bc F33F     		.short	16371
 285 01be 7A2E     		.short	11898
 286 01c0 0EE7     		.short	-6386
 287 01c2 87F6     		.short	-2425
 288 01c4 1CC4     		.short	-15332
 289 01c6 95D5     		.short	-10859
 290 01c8 2AA1     		.short	-24278
 291 01ca A3B0     		.short	-20317
 292 01cc 3882     		.short	-32200
 293 01ce B193     		.short	-27727
 294 01d0 466B     		.short	27462
 295 01d2 CF7A     		.short	31439
 296 01d4 5448     		.short	18516
 297 01d6 DD59     		.short	23005
 298 01d8 622D     		.short	11618
 299 01da EB3C     		.short	15595
 300 01dc 700E     		.short	3696
 301 01de F91F     		.short	8185
 302 01e0 8FF7     		.short	-2161
 303 01e2 06E6     		.short	-6650
 304 01e4 9DD4     		.short	-11107
 305 01e6 14C5     		.short	-15084
 306 01e8 ABB1     		.short	-20053
 307 01ea 22A0     		.short	-24542
 308 01ec B992     		.short	-27975
 309 01ee 3083     		.short	-31952
 310 01f0 C77B     		.short	31687
 311 01f2 4E6A     		.short	27214
 312 01f4 D558     		.short	22741
 313 01f6 5C49     		.short	18780
 314 01f8 E33D     		.short	15843
 315 01fa 6A2C     		.short	11370
 316 01fc F11E     		.short	7921
 317 01fe 780F     		.short	3960
 318              		.text
 319              	.Letext0:
ARM GAS  C:\Users\ASUS\AppData\Local\Temp\cckRO1H7.s 			page 8


ARM GAS  C:\Users\ASUS\AppData\Local\Temp\cckRO1H7.s 			page 9


DEFINED SYMBOLS
                            *ABS*:00000000 fcs.c
C:\Users\ASUS\AppData\Local\Temp\cckRO1H7.s:18     .text.calc_fcs:00000000 $t
C:\Users\ASUS\AppData\Local\Temp\cckRO1H7.s:26     .text.calc_fcs:00000000 calc_fcs
C:\Users\ASUS\AppData\Local\Temp\cckRO1H7.s:52     .text.calc_fcs:00000010 $d
C:\Users\ASUS\AppData\Local\Temp\cckRO1H7.s:57     .rodata.fcstab:00000000 $d
C:\Users\ASUS\AppData\Local\Temp\cckRO1H7.s:61     .rodata.fcstab:00000000 fcstab

NO UNDEFINED SYMBOLS
