ARM GAS  C:\Users\ASUS\AppData\Local\Temp\ccBB0UOD.s 			page 1


   1              		.cpu cortex-m4
   2              		.eabi_attribute 27, 1
   3              		.eabi_attribute 28, 1
   4              		.eabi_attribute 20, 1
   5              		.eabi_attribute 21, 1
   6              		.eabi_attribute 23, 3
   7              		.eabi_attribute 24, 1
   8              		.eabi_attribute 25, 1
   9              		.eabi_attribute 26, 1
  10              		.eabi_attribute 30, 1
  11              		.eabi_attribute 34, 1
  12              		.eabi_attribute 18, 4
  13              		.file	"function.c"
  14              		.text
  15              	.Ltext0:
  16              		.cfi_sections	.debug_frame
  17              		.section	.text.add,"ax",%progbits
  18              		.align	1
  19              		.global	add
  20              		.arch armv7e-m
  21              		.syntax unified
  22              		.thumb
  23              		.thumb_func
  24              		.fpu fpv4-sp-d16
  26              	add:
  27              	.LVL0:
  28              	.LFB3:
  29              		.file 1 "Core/Src/function.c"
   1:Core/Src/function.c **** #include <stdio.h>
   2:Core/Src/function.c **** #include "function.h"
   3:Core/Src/function.c **** 
   4:Core/Src/function.c **** int add(int a, int b) {
  30              		.loc 1 4 23 view -0
  31              		.cfi_startproc
  32              		@ args = 0, pretend = 0, frame = 0
  33              		@ frame_needed = 0, uses_anonymous_args = 0
  34              		@ link register save eliminated.
   5:Core/Src/function.c ****     return a + b;
  35              		.loc 1 5 5 view .LVU1
   6:Core/Src/function.c **** }
  36              		.loc 1 6 1 is_stmt 0 view .LVU2
  37 0000 0844     		add	r0, r0, r1
  38              	.LVL1:
  39              		.loc 1 6 1 view .LVU3
  40 0002 7047     		bx	lr
  41              		.cfi_endproc
  42              	.LFE3:
  44              		.section	.text.subtract,"ax",%progbits
  45              		.align	1
  46              		.global	subtract
  47              		.syntax unified
  48              		.thumb
  49              		.thumb_func
  50              		.fpu fpv4-sp-d16
  52              	subtract:
  53              	.LVL2:
  54              	.LFB4:
ARM GAS  C:\Users\ASUS\AppData\Local\Temp\ccBB0UOD.s 			page 2


   7:Core/Src/function.c **** 
   8:Core/Src/function.c **** int subtract(int a, int b) {
  55              		.loc 1 8 28 is_stmt 1 view -0
  56              		.cfi_startproc
  57              		@ args = 0, pretend = 0, frame = 0
  58              		@ frame_needed = 0, uses_anonymous_args = 0
  59              		@ link register save eliminated.
   9:Core/Src/function.c ****     return a - b;
  60              		.loc 1 9 5 view .LVU5
  10:Core/Src/function.c **** }
  61              		.loc 1 10 1 is_stmt 0 view .LVU6
  62 0000 401A     		subs	r0, r0, r1
  63              	.LVL3:
  64              		.loc 1 10 1 view .LVU7
  65 0002 7047     		bx	lr
  66              		.cfi_endproc
  67              	.LFE4:
  69              		.section	.text.multiply,"ax",%progbits
  70              		.align	1
  71              		.global	multiply
  72              		.syntax unified
  73              		.thumb
  74              		.thumb_func
  75              		.fpu fpv4-sp-d16
  77              	multiply:
  78              	.LVL4:
  79              	.LFB5:
  11:Core/Src/function.c **** 
  12:Core/Src/function.c **** int multiply(int a, int b) {
  80              		.loc 1 12 28 is_stmt 1 view -0
  81              		.cfi_startproc
  82              		@ args = 0, pretend = 0, frame = 0
  83              		@ frame_needed = 0, uses_anonymous_args = 0
  84              		@ link register save eliminated.
  13:Core/Src/function.c ****     return a * b;
  85              		.loc 1 13 5 view .LVU9
  14:Core/Src/function.c **** }
  86              		.loc 1 14 1 is_stmt 0 view .LVU10
  87 0000 01FB00F0 		mul	r0, r1, r0
  88              	.LVL5:
  89              		.loc 1 14 1 view .LVU11
  90 0004 7047     		bx	lr
  91              		.cfi_endproc
  92              	.LFE5:
  94              		.section	.text.divide,"ax",%progbits
  95              		.align	1
  96              		.global	divide
  97              		.syntax unified
  98              		.thumb
  99              		.thumb_func
 100              		.fpu fpv4-sp-d16
 102              	divide:
 103              	.LVL6:
 104              	.LFB6:
  15:Core/Src/function.c **** 
  16:Core/Src/function.c **** int divide(int a, int b) {
 105              		.loc 1 16 26 is_stmt 1 view -0
ARM GAS  C:\Users\ASUS\AppData\Local\Temp\ccBB0UOD.s 			page 3


 106              		.cfi_startproc
 107              		@ args = 0, pretend = 0, frame = 0
 108              		@ frame_needed = 0, uses_anonymous_args = 0
 109              		@ link register save eliminated.
  17:Core/Src/function.c ****     if (b == 0) {
 110              		.loc 1 17 5 view .LVU13
 111              		.loc 1 17 8 is_stmt 0 view .LVU14
 112 0000 11B1     		cbz	r1, .L6
  18:Core/Src/function.c ****         return 0;
  19:Core/Src/function.c ****     }
  20:Core/Src/function.c ****     return a / b;
 113              		.loc 1 20 5 is_stmt 1 view .LVU15
 114              		.loc 1 20 14 is_stmt 0 view .LVU16
 115 0002 90FBF1F0 		sdiv	r0, r0, r1
 116              	.LVL7:
 117              		.loc 1 20 14 view .LVU17
 118 0006 7047     		bx	lr
 119              	.LVL8:
 120              	.L6:
  18:Core/Src/function.c ****         return 0;
 121              		.loc 1 18 16 view .LVU18
 122 0008 0846     		mov	r0, r1
 123              	.LVL9:
  21:Core/Src/function.c **** }...
 124              		.loc 1 21 1 view .LVU19
 125 000a 7047     		bx	lr
 126              		.cfi_endproc
 127              	.LFE6:
 129              		.text
 130              	.Letext0:
ARM GAS  C:\Users\ASUS\AppData\Local\Temp\ccBB0UOD.s 			page 4


DEFINED SYMBOLS
                            *ABS*:00000000 function.c
C:\Users\ASUS\AppData\Local\Temp\ccBB0UOD.s:18     .text.add:00000000 $t
C:\Users\ASUS\AppData\Local\Temp\ccBB0UOD.s:26     .text.add:00000000 add
C:\Users\ASUS\AppData\Local\Temp\ccBB0UOD.s:45     .text.subtract:00000000 $t
C:\Users\ASUS\AppData\Local\Temp\ccBB0UOD.s:52     .text.subtract:00000000 subtract
C:\Users\ASUS\AppData\Local\Temp\ccBB0UOD.s:70     .text.multiply:00000000 $t
C:\Users\ASUS\AppData\Local\Temp\ccBB0UOD.s:77     .text.multiply:00000000 multiply
C:\Users\ASUS\AppData\Local\Temp\ccBB0UOD.s:95     .text.divide:00000000 $t
C:\Users\ASUS\AppData\Local\Temp\ccBB0UOD.s:102    .text.divide:00000000 divide

NO UNDEFINED SYMBOLS
